<?xml version="1.0" encoding="UTF-8"?>
<!-- Generated by org.testng.reporters.JUnitReportReporter -->
<testsuite hostname="DESKTOP-T1OTQ1E" failures="0" tests="1" name="com.qa.database.automation.DB_Test" time="1.749" errors="0" timestamp="2022-09-12T09:03:03 IST" skipped="0">
  <testcase classname="com.qa.database.automation.DB_Test" name="updateData" time="1.749"/>
  <system-out/>
</testsuite> <!-- com.qa.database.automation.DB_Test -->
